<?xml version="1.0" encoding="UTF-8"?>
<testng-results ignored="0" total="1" passed="1" failed="0" skipped="0">
  <reporter-output>
  </reporter-output>
  <suite started-at="2021-09-23T09:30:58 IST" name="Default suite" finished-at="2021-09-23T09:31:04 IST" duration-ms="6677">
    <groups>
    </groups>
    <test started-at="2021-09-23T09:30:58 IST" name="Default test" finished-at="2021-09-23T09:31:04 IST" duration-ms="6677">
      <class name="com.qa.barcode.BarCodeTest">
        <test-method signature="barCodeTest()[pri:0, instance:com.qa.barcode.BarCodeTest@550ee7e5]" started-at="2021-09-23T09:30:58 IST" name="barCodeTest" finished-at="2021-09-23T09:31:04 IST" duration-ms="6636" status="PASS">
          <reporter-output>
          </reporter-output>
        </test-method> <!-- barCodeTest -->
      </class> <!-- com.qa.barcode.BarCodeTest -->
    </test> <!-- Default test -->
  </suite> <!-- Default suite -->
</testng-results>
